2019-11-05 18:20:08,267 INFO 18394 [Timer] /Users/duanshilong/Documents/react_blog/service/node_modules/egg-multipart/app/schedule/clean_tmpdir.js next time will execute after 36591735ms at 2019-11-06 04:30:00.002
2019-11-05 18:20:08,268 INFO 18394 [Timer] /Users/duanshilong/Documents/react_blog/service/node_modules/egg-logrotator/app/schedule/clean_log.js next time will execute after 20391733ms at 2019-11-06 00:00:00.001
2019-11-05 18:20:08,268 INFO 18394 [Timer] /Users/duanshilong/Documents/react_blog/service/node_modules/egg-logrotator/app/schedule/rotate_by_file.js next time will execute after 20392732ms at 2019-11-06 00:00:01.000
2019-11-05 18:20:08,154 INFO 18395 [egg-schedule]: register schedule /Users/duanshilong/Documents/react_blog/service/node_modules/egg-multipart/app/schedule/clean_tmpdir.js
2019-11-05 18:20:08,154 INFO 18395 [egg-schedule]: register schedule /Users/duanshilong/Documents/react_blog/service/node_modules/egg-logrotator/app/schedule/clean_log.js
2019-11-05 18:20:08,154 INFO 18395 [egg-schedule]: register schedule /Users/duanshilong/Documents/react_blog/service/node_modules/egg-logrotator/app/schedule/rotate_by_file.js
2019-11-05 18:30:09,411 INFO 18489 [egg-schedule]: register schedule /Users/duanshilong/Documents/react_blog/service/node_modules/egg-multipart/app/schedule/clean_tmpdir.js
2019-11-05 18:30:09,411 INFO 18489 [egg-schedule]: register schedule /Users/duanshilong/Documents/react_blog/service/node_modules/egg-logrotator/app/schedule/clean_log.js
2019-11-05 18:30:09,411 INFO 18489 [egg-schedule]: register schedule /Users/duanshilong/Documents/react_blog/service/node_modules/egg-logrotator/app/schedule/rotate_by_file.js
2019-11-05 18:30:21,424 INFO 18490 [egg-schedule]: register schedule /Users/duanshilong/Documents/react_blog/service/node_modules/egg-multipart/app/schedule/clean_tmpdir.js
2019-11-05 18:30:21,424 INFO 18490 [egg-schedule]: register schedule /Users/duanshilong/Documents/react_blog/service/node_modules/egg-logrotator/app/schedule/clean_log.js
2019-11-05 18:30:21,424 INFO 18490 [egg-schedule]: register schedule /Users/duanshilong/Documents/react_blog/service/node_modules/egg-logrotator/app/schedule/rotate_by_file.js
2019-11-05 18:35:06,743 INFO 18498 [egg-schedule]: register schedule /Users/duanshilong/Documents/react_blog/service/node_modules/egg-multipart/app/schedule/clean_tmpdir.js
2019-11-05 18:35:06,743 INFO 18498 [egg-schedule]: register schedule /Users/duanshilong/Documents/react_blog/service/node_modules/egg-logrotator/app/schedule/clean_log.js
2019-11-05 18:35:06,743 INFO 18498 [egg-schedule]: register schedule /Users/duanshilong/Documents/react_blog/service/node_modules/egg-logrotator/app/schedule/rotate_by_file.js
2019-11-05 18:36:07,800 INFO 18504 [egg-schedule]: register schedule /Users/duanshilong/Documents/react_blog/service/node_modules/egg-multipart/app/schedule/clean_tmpdir.js
2019-11-05 18:36:07,800 INFO 18504 [egg-schedule]: register schedule /Users/duanshilong/Documents/react_blog/service/node_modules/egg-logrotator/app/schedule/clean_log.js
2019-11-05 18:36:07,800 INFO 18504 [egg-schedule]: register schedule /Users/duanshilong/Documents/react_blog/service/node_modules/egg-logrotator/app/schedule/rotate_by_file.js
2019-11-05 18:36:33,127 INFO 18505 [egg-schedule]: register schedule /Users/duanshilong/Documents/react_blog/service/node_modules/egg-multipart/app/schedule/clean_tmpdir.js
2019-11-05 18:36:33,127 INFO 18505 [egg-schedule]: register schedule /Users/duanshilong/Documents/react_blog/service/node_modules/egg-logrotator/app/schedule/clean_log.js
2019-11-05 18:36:33,127 INFO 18505 [egg-schedule]: register schedule /Users/duanshilong/Documents/react_blog/service/node_modules/egg-logrotator/app/schedule/rotate_by_file.js
2019-11-05 18:36:59,270 INFO 18508 [egg-schedule]: register schedule /Users/duanshilong/Documents/react_blog/service/node_modules/egg-multipart/app/schedule/clean_tmpdir.js
2019-11-05 18:36:59,270 INFO 18508 [egg-schedule]: register schedule /Users/duanshilong/Documents/react_blog/service/node_modules/egg-logrotator/app/schedule/clean_log.js
2019-11-05 18:36:59,270 INFO 18508 [egg-schedule]: register schedule /Users/duanshilong/Documents/react_blog/service/node_modules/egg-logrotator/app/schedule/rotate_by_file.js
2019-11-05 18:37:12,194 INFO 18513 [egg-schedule]: register schedule /Users/duanshilong/Documents/react_blog/service/node_modules/egg-multipart/app/schedule/clean_tmpdir.js
2019-11-05 18:37:12,194 INFO 18513 [egg-schedule]: register schedule /Users/duanshilong/Documents/react_blog/service/node_modules/egg-logrotator/app/schedule/clean_log.js
2019-11-05 18:37:12,194 INFO 18513 [egg-schedule]: register schedule /Users/duanshilong/Documents/react_blog/service/node_modules/egg-logrotator/app/schedule/rotate_by_file.js
2019-11-05 18:39:03,043 INFO 18516 [egg-schedule]: register schedule /Users/duanshilong/Documents/react_blog/service/node_modules/egg-multipart/app/schedule/clean_tmpdir.js
2019-11-05 18:39:03,043 INFO 18516 [egg-schedule]: register schedule /Users/duanshilong/Documents/react_blog/service/node_modules/egg-logrotator/app/schedule/clean_log.js
2019-11-05 18:39:03,043 INFO 18516 [egg-schedule]: register schedule /Users/duanshilong/Documents/react_blog/service/node_modules/egg-logrotator/app/schedule/rotate_by_file.js
2019-11-05 18:39:11,209 INFO 18517 [egg-schedule]: register schedule /Users/duanshilong/Documents/react_blog/service/node_modules/egg-multipart/app/schedule/clean_tmpdir.js
2019-11-05 18:39:11,209 INFO 18517 [egg-schedule]: register schedule /Users/duanshilong/Documents/react_blog/service/node_modules/egg-logrotator/app/schedule/clean_log.js
2019-11-05 18:39:11,209 INFO 18517 [egg-schedule]: register schedule /Users/duanshilong/Documents/react_blog/service/node_modules/egg-logrotator/app/schedule/rotate_by_file.js
2019-11-05 18:39:12,092 INFO 18518 [egg-schedule]: register schedule /Users/duanshilong/Documents/react_blog/service/node_modules/egg-multipart/app/schedule/clean_tmpdir.js
2019-11-05 18:39:12,092 INFO 18518 [egg-schedule]: register schedule /Users/duanshilong/Documents/react_blog/service/node_modules/egg-logrotator/app/schedule/clean_log.js
2019-11-05 18:39:12,092 INFO 18518 [egg-schedule]: register schedule /Users/duanshilong/Documents/react_blog/service/node_modules/egg-logrotator/app/schedule/rotate_by_file.js
2019-11-05 18:40:54,368 INFO 18520 [egg-schedule]: register schedule /Users/duanshilong/Documents/react_blog/service/node_modules/egg-multipart/app/schedule/clean_tmpdir.js
2019-11-05 18:40:54,368 INFO 18520 [egg-schedule]: register schedule /Users/duanshilong/Documents/react_blog/service/node_modules/egg-logrotator/app/schedule/clean_log.js
2019-11-05 18:40:54,368 INFO 18520 [egg-schedule]: register schedule /Users/duanshilong/Documents/react_blog/service/node_modules/egg-logrotator/app/schedule/rotate_by_file.js
2019-11-05 18:45:10,621 INFO 18537 [egg-schedule]: register schedule /Users/duanshilong/Documents/react_blog/service/node_modules/egg-multipart/app/schedule/clean_tmpdir.js
2019-11-05 18:45:10,621 INFO 18537 [egg-schedule]: register schedule /Users/duanshilong/Documents/react_blog/service/node_modules/egg-logrotator/app/schedule/clean_log.js
2019-11-05 18:45:10,621 INFO 18537 [egg-schedule]: register schedule /Users/duanshilong/Documents/react_blog/service/node_modules/egg-logrotator/app/schedule/rotate_by_file.js
2019-11-05 18:45:14,083 INFO 18538 [egg-schedule]: register schedule /Users/duanshilong/Documents/react_blog/service/node_modules/egg-multipart/app/schedule/clean_tmpdir.js
2019-11-05 18:45:14,083 INFO 18538 [egg-schedule]: register schedule /Users/duanshilong/Documents/react_blog/service/node_modules/egg-logrotator/app/schedule/clean_log.js
2019-11-05 18:45:14,083 INFO 18538 [egg-schedule]: register schedule /Users/duanshilong/Documents/react_blog/service/node_modules/egg-logrotator/app/schedule/rotate_by_file.js
2019-11-05 18:45:31,945 INFO 18539 [egg-schedule]: register schedule /Users/duanshilong/Documents/react_blog/service/node_modules/egg-multipart/app/schedule/clean_tmpdir.js
2019-11-05 18:45:31,945 INFO 18539 [egg-schedule]: register schedule /Users/duanshilong/Documents/react_blog/service/node_modules/egg-logrotator/app/schedule/clean_log.js
2019-11-05 18:45:31,945 INFO 18539 [egg-schedule]: register schedule /Users/duanshilong/Documents/react_blog/service/node_modules/egg-logrotator/app/schedule/rotate_by_file.js
2019-11-05 19:44:09,797 INFO 82960 [Timer] /Users/duanshilong/Documents/react_blog/service/node_modules/egg-multipart/app/schedule/clean_tmpdir.js next time will execute after 31550205ms at 2019-11-06 04:30:00.002
2019-11-05 19:44:09,797 INFO 82960 [Timer] /Users/duanshilong/Documents/react_blog/service/node_modules/egg-logrotator/app/schedule/clean_log.js next time will execute after 15350203ms at 2019-11-06 00:00:00.000
2019-11-05 19:44:09,797 INFO 82960 [Timer] /Users/duanshilong/Documents/react_blog/service/node_modules/egg-logrotator/app/schedule/rotate_by_file.js next time will execute after 15351203ms at 2019-11-06 00:00:01.000
2019-11-05 19:44:09,664 INFO 82965 [egg-schedule]: register schedule /Users/duanshilong/Documents/react_blog/service/node_modules/egg-multipart/app/schedule/clean_tmpdir.js
2019-11-05 19:44:09,664 INFO 82965 [egg-schedule]: register schedule /Users/duanshilong/Documents/react_blog/service/node_modules/egg-logrotator/app/schedule/clean_log.js
2019-11-05 19:44:09,664 INFO 82965 [egg-schedule]: register schedule /Users/duanshilong/Documents/react_blog/service/node_modules/egg-logrotator/app/schedule/rotate_by_file.js
2019-11-05 19:48:48,674 INFO 83149 [Timer] /Users/duanshilong/Documents/react_blog/service/node_modules/egg-multipart/app/schedule/clean_tmpdir.js next time will execute after 31271328ms at 2019-11-06 04:30:00.002
2019-11-05 19:48:48,674 INFO 83149 [Timer] /Users/duanshilong/Documents/react_blog/service/node_modules/egg-logrotator/app/schedule/clean_log.js next time will execute after 15071326ms at 2019-11-06 00:00:00.000
2019-11-05 19:48:48,675 INFO 83149 [Timer] /Users/duanshilong/Documents/react_blog/service/node_modules/egg-logrotator/app/schedule/rotate_by_file.js next time will execute after 15072326ms at 2019-11-06 00:00:01.001
2019-11-05 19:48:48,535 INFO 83154 [egg-schedule]: register schedule /Users/duanshilong/Documents/react_blog/service/node_modules/egg-multipart/app/schedule/clean_tmpdir.js
2019-11-05 19:48:48,535 INFO 83154 [egg-schedule]: register schedule /Users/duanshilong/Documents/react_blog/service/node_modules/egg-logrotator/app/schedule/clean_log.js
2019-11-05 19:48:48,535 INFO 83154 [egg-schedule]: register schedule /Users/duanshilong/Documents/react_blog/service/node_modules/egg-logrotator/app/schedule/rotate_by_file.js
2019-11-05 19:52:15,552 INFO 83159 [egg-schedule]: register schedule /Users/duanshilong/Documents/react_blog/service/node_modules/egg-multipart/app/schedule/clean_tmpdir.js
2019-11-05 19:52:15,552 INFO 83159 [egg-schedule]: register schedule /Users/duanshilong/Documents/react_blog/service/node_modules/egg-logrotator/app/schedule/clean_log.js
2019-11-05 19:52:15,552 INFO 83159 [egg-schedule]: register schedule /Users/duanshilong/Documents/react_blog/service/node_modules/egg-logrotator/app/schedule/rotate_by_file.js
2019-11-05 19:53:07,819 INFO 83160 [egg-schedule]: register schedule /Users/duanshilong/Documents/react_blog/service/node_modules/egg-multipart/app/schedule/clean_tmpdir.js
2019-11-05 19:53:07,819 INFO 83160 [egg-schedule]: register schedule /Users/duanshilong/Documents/react_blog/service/node_modules/egg-logrotator/app/schedule/clean_log.js
2019-11-05 19:53:07,819 INFO 83160 [egg-schedule]: register schedule /Users/duanshilong/Documents/react_blog/service/node_modules/egg-logrotator/app/schedule/rotate_by_file.js
2019-11-07 11:18:34,391 INFO 94660 [egg-schedule]: register schedule /Users/duanshilong/Documents/react_blog/service/node_modules/egg-multipart/app/schedule/clean_tmpdir.js
2019-11-07 11:18:34,391 INFO 94660 [egg-schedule]: register schedule /Users/duanshilong/Documents/react_blog/service/node_modules/egg-logrotator/app/schedule/clean_log.js
2019-11-07 11:18:34,392 INFO 94660 [egg-schedule]: register schedule /Users/duanshilong/Documents/react_blog/service/node_modules/egg-logrotator/app/schedule/rotate_by_file.js
2019-11-07 11:18:34,746 INFO 94659 [Timer] /Users/duanshilong/Documents/react_blog/service/node_modules/egg-multipart/app/schedule/clean_tmpdir.js next time will execute after 61885257ms at 2019-11-08 04:30:00.003
2019-11-07 11:18:34,746 INFO 94659 [Timer] /Users/duanshilong/Documents/react_blog/service/node_modules/egg-logrotator/app/schedule/clean_log.js next time will execute after 45685254ms at 2019-11-08 00:00:00.000
2019-11-07 11:18:34,746 INFO 94659 [Timer] /Users/duanshilong/Documents/react_blog/service/node_modules/egg-logrotator/app/schedule/rotate_by_file.js next time will execute after 45686254ms at 2019-11-08 00:00:01.000
2019-11-07 11:23:49,984 INFO 94679 [egg-schedule]: register schedule /Users/duanshilong/Documents/react_blog/service/node_modules/egg-multipart/app/schedule/clean_tmpdir.js
2019-11-07 11:23:49,984 INFO 94679 [egg-schedule]: register schedule /Users/duanshilong/Documents/react_blog/service/node_modules/egg-logrotator/app/schedule/clean_log.js
2019-11-07 11:23:49,984 INFO 94679 [egg-schedule]: register schedule /Users/duanshilong/Documents/react_blog/service/node_modules/egg-logrotator/app/schedule/rotate_by_file.js
2019-11-07 12:24:07,663 INFO 95209 [egg-schedule]: register schedule /Users/duanshilong/Documents/react_blog/service/node_modules/egg-multipart/app/schedule/clean_tmpdir.js
2019-11-07 12:24:07,663 INFO 95209 [egg-schedule]: register schedule /Users/duanshilong/Documents/react_blog/service/node_modules/egg-logrotator/app/schedule/clean_log.js
2019-11-07 12:24:07,663 INFO 95209 [egg-schedule]: register schedule /Users/duanshilong/Documents/react_blog/service/node_modules/egg-logrotator/app/schedule/rotate_by_file.js
2019-11-07 12:24:09,911 INFO 95211 [egg-schedule]: register schedule /Users/duanshilong/Documents/react_blog/service/node_modules/egg-multipart/app/schedule/clean_tmpdir.js
2019-11-07 12:24:09,911 INFO 95211 [egg-schedule]: register schedule /Users/duanshilong/Documents/react_blog/service/node_modules/egg-logrotator/app/schedule/clean_log.js
2019-11-07 12:24:09,911 INFO 95211 [egg-schedule]: register schedule /Users/duanshilong/Documents/react_blog/service/node_modules/egg-logrotator/app/schedule/rotate_by_file.js
2019-11-07 15:00:30,373 INFO 96222 [egg-schedule]: register schedule /Users/duanshilong/Documents/react_blog/egg_blog_service/node_modules/egg-multipart/app/schedule/clean_tmpdir.js
2019-11-07 15:00:30,373 INFO 96222 [egg-schedule]: register schedule /Users/duanshilong/Documents/react_blog/egg_blog_service/node_modules/egg-logrotator/app/schedule/clean_log.js
2019-11-07 15:00:30,373 INFO 96222 [egg-schedule]: register schedule /Users/duanshilong/Documents/react_blog/egg_blog_service/node_modules/egg-logrotator/app/schedule/rotate_by_file.js
2019-11-07 15:00:30,659 INFO 96221 [Timer] /Users/duanshilong/Documents/react_blog/egg_blog_service/node_modules/egg-multipart/app/schedule/clean_tmpdir.js next time will execute after 48569344ms at 2019-11-08 04:30:00.003
2019-11-07 15:00:30,659 INFO 96221 [Timer] /Users/duanshilong/Documents/react_blog/egg_blog_service/node_modules/egg-logrotator/app/schedule/clean_log.js next time will execute after 32369341ms at 2019-11-08 00:00:00.000
2019-11-07 15:00:30,659 INFO 96221 [Timer] /Users/duanshilong/Documents/react_blog/egg_blog_service/node_modules/egg-logrotator/app/schedule/rotate_by_file.js next time will execute after 32370341ms at 2019-11-08 00:00:01.000
2019-11-07 19:36:47,048 INFO 4773 [egg-schedule]: register schedule /Users/duanshilong/Documents/react_blog/blog_service/node_modules/egg-multipart/app/schedule/clean_tmpdir.js
2019-11-07 19:36:47,048 INFO 4773 [egg-schedule]: register schedule /Users/duanshilong/Documents/react_blog/blog_service/node_modules/egg-logrotator/app/schedule/clean_log.js
2019-11-07 19:36:47,048 INFO 4773 [egg-schedule]: register schedule /Users/duanshilong/Documents/react_blog/blog_service/node_modules/egg-logrotator/app/schedule/rotate_by_file.js
2019-11-07 19:36:47,347 INFO 4772 [Timer] /Users/duanshilong/Documents/react_blog/blog_service/node_modules/egg-multipart/app/schedule/clean_tmpdir.js next time will execute after 31992655ms at 2019-11-08 04:30:00.002
2019-11-07 19:36:47,348 INFO 4772 [Timer] /Users/duanshilong/Documents/react_blog/blog_service/node_modules/egg-logrotator/app/schedule/clean_log.js next time will execute after 15792652ms at 2019-11-08 00:00:00.000
2019-11-07 19:36:47,348 INFO 4772 [Timer] /Users/duanshilong/Documents/react_blog/blog_service/node_modules/egg-logrotator/app/schedule/rotate_by_file.js next time will execute after 15793652ms at 2019-11-08 00:00:01.000
2019-11-08 11:02:47,315 INFO 9542 [Timer] /Users/duanshilong/Documents/react_blog/blog_service/node_modules/egg-multipart/app/schedule/clean_tmpdir.js next time will execute after 62832687ms at 2019-11-09 04:30:00.002
2019-11-08 11:02:47,315 INFO 9542 [Timer] /Users/duanshilong/Documents/react_blog/blog_service/node_modules/egg-logrotator/app/schedule/clean_log.js next time will execute after 46632685ms at 2019-11-09 00:00:00.000
2019-11-08 11:02:47,315 INFO 9542 [Timer] /Users/duanshilong/Documents/react_blog/blog_service/node_modules/egg-logrotator/app/schedule/rotate_by_file.js next time will execute after 46633685ms at 2019-11-09 00:00:01.000
2019-11-08 11:02:47,155 INFO 9544 [egg-schedule]: register schedule /Users/duanshilong/Documents/react_blog/blog_service/node_modules/egg-multipart/app/schedule/clean_tmpdir.js
2019-11-08 11:02:47,155 INFO 9544 [egg-schedule]: register schedule /Users/duanshilong/Documents/react_blog/blog_service/node_modules/egg-logrotator/app/schedule/clean_log.js
2019-11-08 11:02:47,155 INFO 9544 [egg-schedule]: register schedule /Users/duanshilong/Documents/react_blog/blog_service/node_modules/egg-logrotator/app/schedule/rotate_by_file.js
2019-11-08 11:04:08,826 INFO 9577 [egg-schedule]: register schedule /Users/duanshilong/Documents/react_blog/blog_service/node_modules/egg-multipart/app/schedule/clean_tmpdir.js
2019-11-08 11:04:08,826 INFO 9577 [egg-schedule]: register schedule /Users/duanshilong/Documents/react_blog/blog_service/node_modules/egg-logrotator/app/schedule/clean_log.js
2019-11-08 11:04:08,826 INFO 9577 [egg-schedule]: register schedule /Users/duanshilong/Documents/react_blog/blog_service/node_modules/egg-logrotator/app/schedule/rotate_by_file.js
2019-11-08 11:05:06,217 INFO 9596 [egg-schedule]: register schedule /Users/duanshilong/Documents/react_blog/blog_service/node_modules/egg-multipart/app/schedule/clean_tmpdir.js
2019-11-08 11:05:06,217 INFO 9596 [egg-schedule]: register schedule /Users/duanshilong/Documents/react_blog/blog_service/node_modules/egg-logrotator/app/schedule/clean_log.js
2019-11-08 11:05:06,217 INFO 9596 [egg-schedule]: register schedule /Users/duanshilong/Documents/react_blog/blog_service/node_modules/egg-logrotator/app/schedule/rotate_by_file.js
2019-11-08 11:11:39,748 INFO 9708 [egg-schedule]: register schedule /Users/duanshilong/Documents/react_blog/blog_service/node_modules/egg-multipart/app/schedule/clean_tmpdir.js
2019-11-08 11:11:39,748 INFO 9708 [egg-schedule]: register schedule /Users/duanshilong/Documents/react_blog/blog_service/node_modules/egg-logrotator/app/schedule/clean_log.js
2019-11-08 11:11:39,748 INFO 9708 [egg-schedule]: register schedule /Users/duanshilong/Documents/react_blog/blog_service/node_modules/egg-logrotator/app/schedule/rotate_by_file.js
2019-11-08 11:21:47,524 INFO 10056 [egg-schedule]: register schedule /Users/duanshilong/Documents/react_blog/blog_service/node_modules/egg-multipart/app/schedule/clean_tmpdir.js
2019-11-08 11:21:47,524 INFO 10056 [egg-schedule]: register schedule /Users/duanshilong/Documents/react_blog/blog_service/node_modules/egg-logrotator/app/schedule/clean_log.js
2019-11-08 11:21:47,524 INFO 10056 [egg-schedule]: register schedule /Users/duanshilong/Documents/react_blog/blog_service/node_modules/egg-logrotator/app/schedule/rotate_by_file.js
2019-11-08 11:22:38,834 INFO 10066 [egg-schedule]: register schedule /Users/duanshilong/Documents/react_blog/blog_service/node_modules/egg-multipart/app/schedule/clean_tmpdir.js
2019-11-08 11:22:38,834 INFO 10066 [egg-schedule]: register schedule /Users/duanshilong/Documents/react_blog/blog_service/node_modules/egg-logrotator/app/schedule/clean_log.js
2019-11-08 11:22:38,834 INFO 10066 [egg-schedule]: register schedule /Users/duanshilong/Documents/react_blog/blog_service/node_modules/egg-logrotator/app/schedule/rotate_by_file.js
2019-11-08 11:23:47,995 INFO 10113 [egg-schedule]: register schedule /Users/duanshilong/Documents/react_blog/blog_service/node_modules/egg-multipart/app/schedule/clean_tmpdir.js
2019-11-08 11:23:47,995 INFO 10113 [egg-schedule]: register schedule /Users/duanshilong/Documents/react_blog/blog_service/node_modules/egg-logrotator/app/schedule/clean_log.js
2019-11-08 11:23:47,995 INFO 10113 [egg-schedule]: register schedule /Users/duanshilong/Documents/react_blog/blog_service/node_modules/egg-logrotator/app/schedule/rotate_by_file.js
2019-11-08 11:29:59,822 INFO 10154 [egg-schedule]: register schedule /Users/duanshilong/Documents/react_blog/blog_service/node_modules/egg-multipart/app/schedule/clean_tmpdir.js
2019-11-08 11:29:59,822 INFO 10154 [egg-schedule]: register schedule /Users/duanshilong/Documents/react_blog/blog_service/node_modules/egg-logrotator/app/schedule/clean_log.js
2019-11-08 11:29:59,822 INFO 10154 [egg-schedule]: register schedule /Users/duanshilong/Documents/react_blog/blog_service/node_modules/egg-logrotator/app/schedule/rotate_by_file.js
2019-11-08 11:30:39,122 INFO 10171 [egg-schedule]: register schedule /Users/duanshilong/Documents/react_blog/blog_service/node_modules/egg-multipart/app/schedule/clean_tmpdir.js
2019-11-08 11:30:39,122 INFO 10171 [egg-schedule]: register schedule /Users/duanshilong/Documents/react_blog/blog_service/node_modules/egg-logrotator/app/schedule/clean_log.js
2019-11-08 11:30:39,122 INFO 10171 [egg-schedule]: register schedule /Users/duanshilong/Documents/react_blog/blog_service/node_modules/egg-logrotator/app/schedule/rotate_by_file.js
2019-11-08 11:32:57,875 INFO 10187 [egg-schedule]: register schedule /Users/duanshilong/Documents/react_blog/blog_service/node_modules/egg-multipart/app/schedule/clean_tmpdir.js
2019-11-08 11:32:57,875 INFO 10187 [egg-schedule]: register schedule /Users/duanshilong/Documents/react_blog/blog_service/node_modules/egg-logrotator/app/schedule/clean_log.js
2019-11-08 11:32:57,875 INFO 10187 [egg-schedule]: register schedule /Users/duanshilong/Documents/react_blog/blog_service/node_modules/egg-logrotator/app/schedule/rotate_by_file.js
2019-11-08 11:35:37,353 INFO 10212 [egg-schedule]: register schedule /Users/duanshilong/Documents/react_blog/blog_service/node_modules/egg-multipart/app/schedule/clean_tmpdir.js
2019-11-08 11:35:37,353 INFO 10212 [egg-schedule]: register schedule /Users/duanshilong/Documents/react_blog/blog_service/node_modules/egg-logrotator/app/schedule/clean_log.js
2019-11-08 11:35:37,353 INFO 10212 [egg-schedule]: register schedule /Users/duanshilong/Documents/react_blog/blog_service/node_modules/egg-logrotator/app/schedule/rotate_by_file.js
2019-11-08 11:36:42,873 INFO 10232 [egg-schedule]: register schedule /Users/duanshilong/Documents/react_blog/blog_service/node_modules/egg-multipart/app/schedule/clean_tmpdir.js
2019-11-08 11:36:42,873 INFO 10232 [egg-schedule]: register schedule /Users/duanshilong/Documents/react_blog/blog_service/node_modules/egg-logrotator/app/schedule/clean_log.js
2019-11-08 11:36:42,873 INFO 10232 [egg-schedule]: register schedule /Users/duanshilong/Documents/react_blog/blog_service/node_modules/egg-logrotator/app/schedule/rotate_by_file.js
2019-11-08 12:01:01,522 INFO 10289 [egg-schedule]: register schedule /Users/duanshilong/Documents/react_blog/blog_service/node_modules/egg-multipart/app/schedule/clean_tmpdir.js
2019-11-08 12:01:01,522 INFO 10289 [egg-schedule]: register schedule /Users/duanshilong/Documents/react_blog/blog_service/node_modules/egg-logrotator/app/schedule/clean_log.js
2019-11-08 12:01:01,522 INFO 10289 [egg-schedule]: register schedule /Users/duanshilong/Documents/react_blog/blog_service/node_modules/egg-logrotator/app/schedule/rotate_by_file.js
2019-11-08 12:01:55,803 INFO 10310 [egg-schedule]: register schedule /Users/duanshilong/Documents/react_blog/blog_service/node_modules/egg-multipart/app/schedule/clean_tmpdir.js
2019-11-08 12:01:55,803 INFO 10310 [egg-schedule]: register schedule /Users/duanshilong/Documents/react_blog/blog_service/node_modules/egg-logrotator/app/schedule/clean_log.js
2019-11-08 12:01:55,803 INFO 10310 [egg-schedule]: register schedule /Users/duanshilong/Documents/react_blog/blog_service/node_modules/egg-logrotator/app/schedule/rotate_by_file.js
2019-11-08 12:02:45,279 INFO 10337 [egg-schedule]: register schedule /Users/duanshilong/Documents/react_blog/blog_service/node_modules/egg-multipart/app/schedule/clean_tmpdir.js
2019-11-08 12:02:45,279 INFO 10337 [egg-schedule]: register schedule /Users/duanshilong/Documents/react_blog/blog_service/node_modules/egg-logrotator/app/schedule/clean_log.js
2019-11-08 12:02:45,279 INFO 10337 [egg-schedule]: register schedule /Users/duanshilong/Documents/react_blog/blog_service/node_modules/egg-logrotator/app/schedule/rotate_by_file.js
2019-11-08 12:16:46,208 INFO 10388 [egg-schedule]: register schedule /Users/duanshilong/Documents/react_blog/blog_service/node_modules/egg-multipart/app/schedule/clean_tmpdir.js
2019-11-08 12:16:46,208 INFO 10388 [egg-schedule]: register schedule /Users/duanshilong/Documents/react_blog/blog_service/node_modules/egg-logrotator/app/schedule/clean_log.js
2019-11-08 12:16:46,208 INFO 10388 [egg-schedule]: register schedule /Users/duanshilong/Documents/react_blog/blog_service/node_modules/egg-logrotator/app/schedule/rotate_by_file.js
2019-11-08 12:19:18,961 INFO 10408 [egg-schedule]: register schedule /Users/duanshilong/Documents/react_blog/blog_service/node_modules/egg-multipart/app/schedule/clean_tmpdir.js
2019-11-08 12:19:18,961 INFO 10408 [egg-schedule]: register schedule /Users/duanshilong/Documents/react_blog/blog_service/node_modules/egg-logrotator/app/schedule/clean_log.js
2019-11-08 12:19:18,961 INFO 10408 [egg-schedule]: register schedule /Users/duanshilong/Documents/react_blog/blog_service/node_modules/egg-logrotator/app/schedule/rotate_by_file.js
2019-11-08 12:19:56,416 INFO 10423 [egg-schedule]: register schedule /Users/duanshilong/Documents/react_blog/blog_service/node_modules/egg-multipart/app/schedule/clean_tmpdir.js
2019-11-08 12:19:56,416 INFO 10423 [egg-schedule]: register schedule /Users/duanshilong/Documents/react_blog/blog_service/node_modules/egg-logrotator/app/schedule/clean_log.js
2019-11-08 12:19:56,416 INFO 10423 [egg-schedule]: register schedule /Users/duanshilong/Documents/react_blog/blog_service/node_modules/egg-logrotator/app/schedule/rotate_by_file.js
2019-11-08 12:28:09,038 INFO 10453 [egg-schedule]: register schedule /Users/duanshilong/Documents/react_blog/blog_service/node_modules/egg-multipart/app/schedule/clean_tmpdir.js
2019-11-08 12:28:09,039 INFO 10453 [egg-schedule]: register schedule /Users/duanshilong/Documents/react_blog/blog_service/node_modules/egg-logrotator/app/schedule/clean_log.js
2019-11-08 12:28:09,039 INFO 10453 [egg-schedule]: register schedule /Users/duanshilong/Documents/react_blog/blog_service/node_modules/egg-logrotator/app/schedule/rotate_by_file.js
2019-11-08 12:28:39,376 INFO 10472 [egg-schedule]: register schedule /Users/duanshilong/Documents/react_blog/blog_service/node_modules/egg-multipart/app/schedule/clean_tmpdir.js
2019-11-08 12:28:39,376 INFO 10472 [egg-schedule]: register schedule /Users/duanshilong/Documents/react_blog/blog_service/node_modules/egg-logrotator/app/schedule/clean_log.js
2019-11-08 12:28:39,376 INFO 10472 [egg-schedule]: register schedule /Users/duanshilong/Documents/react_blog/blog_service/node_modules/egg-logrotator/app/schedule/rotate_by_file.js
2019-11-08 12:29:19,124 INFO 10493 [egg-schedule]: register schedule /Users/duanshilong/Documents/react_blog/blog_service/node_modules/egg-multipart/app/schedule/clean_tmpdir.js
2019-11-08 12:29:19,124 INFO 10493 [egg-schedule]: register schedule /Users/duanshilong/Documents/react_blog/blog_service/node_modules/egg-logrotator/app/schedule/clean_log.js
2019-11-08 12:29:19,124 INFO 10493 [egg-schedule]: register schedule /Users/duanshilong/Documents/react_blog/blog_service/node_modules/egg-logrotator/app/schedule/rotate_by_file.js
2019-11-08 12:29:50,027 INFO 10512 [egg-schedule]: register schedule /Users/duanshilong/Documents/react_blog/blog_service/node_modules/egg-multipart/app/schedule/clean_tmpdir.js
2019-11-08 12:29:50,027 INFO 10512 [egg-schedule]: register schedule /Users/duanshilong/Documents/react_blog/blog_service/node_modules/egg-logrotator/app/schedule/clean_log.js
2019-11-08 12:29:50,027 INFO 10512 [egg-schedule]: register schedule /Users/duanshilong/Documents/react_blog/blog_service/node_modules/egg-logrotator/app/schedule/rotate_by_file.js
2019-11-08 12:31:42,870 INFO 10536 [egg-schedule]: register schedule /Users/duanshilong/Documents/react_blog/blog_service/node_modules/egg-multipart/app/schedule/clean_tmpdir.js
2019-11-08 12:31:42,870 INFO 10536 [egg-schedule]: register schedule /Users/duanshilong/Documents/react_blog/blog_service/node_modules/egg-logrotator/app/schedule/clean_log.js
2019-11-08 12:31:42,870 INFO 10536 [egg-schedule]: register schedule /Users/duanshilong/Documents/react_blog/blog_service/node_modules/egg-logrotator/app/schedule/rotate_by_file.js
2019-11-08 12:33:35,875 INFO 10557 [egg-schedule]: register schedule /Users/duanshilong/Documents/react_blog/blog_service/node_modules/egg-multipart/app/schedule/clean_tmpdir.js
2019-11-08 12:33:35,875 INFO 10557 [egg-schedule]: register schedule /Users/duanshilong/Documents/react_blog/blog_service/node_modules/egg-logrotator/app/schedule/clean_log.js
2019-11-08 12:33:35,875 INFO 10557 [egg-schedule]: register schedule /Users/duanshilong/Documents/react_blog/blog_service/node_modules/egg-logrotator/app/schedule/rotate_by_file.js
2019-11-08 12:34:49,527 INFO 10573 [egg-schedule]: register schedule /Users/duanshilong/Documents/react_blog/blog_service/node_modules/egg-multipart/app/schedule/clean_tmpdir.js
2019-11-08 12:34:49,527 INFO 10573 [egg-schedule]: register schedule /Users/duanshilong/Documents/react_blog/blog_service/node_modules/egg-logrotator/app/schedule/clean_log.js
2019-11-08 12:34:49,527 INFO 10573 [egg-schedule]: register schedule /Users/duanshilong/Documents/react_blog/blog_service/node_modules/egg-logrotator/app/schedule/rotate_by_file.js
2019-11-08 12:35:01,725 INFO 10588 [egg-schedule]: register schedule /Users/duanshilong/Documents/react_blog/blog_service/node_modules/egg-multipart/app/schedule/clean_tmpdir.js
2019-11-08 12:35:01,725 INFO 10588 [egg-schedule]: register schedule /Users/duanshilong/Documents/react_blog/blog_service/node_modules/egg-logrotator/app/schedule/clean_log.js
2019-11-08 12:35:01,725 INFO 10588 [egg-schedule]: register schedule /Users/duanshilong/Documents/react_blog/blog_service/node_modules/egg-logrotator/app/schedule/rotate_by_file.js
2019-11-08 12:35:44,195 INFO 10607 [egg-schedule]: register schedule /Users/duanshilong/Documents/react_blog/blog_service/node_modules/egg-multipart/app/schedule/clean_tmpdir.js
2019-11-08 12:35:44,195 INFO 10607 [egg-schedule]: register schedule /Users/duanshilong/Documents/react_blog/blog_service/node_modules/egg-logrotator/app/schedule/clean_log.js
2019-11-08 12:35:44,195 INFO 10607 [egg-schedule]: register schedule /Users/duanshilong/Documents/react_blog/blog_service/node_modules/egg-logrotator/app/schedule/rotate_by_file.js
2019-11-08 12:36:05,930 INFO 10622 [egg-schedule]: register schedule /Users/duanshilong/Documents/react_blog/blog_service/node_modules/egg-multipart/app/schedule/clean_tmpdir.js
2019-11-08 12:36:05,930 INFO 10622 [egg-schedule]: register schedule /Users/duanshilong/Documents/react_blog/blog_service/node_modules/egg-logrotator/app/schedule/clean_log.js
2019-11-08 12:36:05,930 INFO 10622 [egg-schedule]: register schedule /Users/duanshilong/Documents/react_blog/blog_service/node_modules/egg-logrotator/app/schedule/rotate_by_file.js
2019-11-08 12:36:37,737 INFO 10637 [egg-schedule]: register schedule /Users/duanshilong/Documents/react_blog/blog_service/node_modules/egg-multipart/app/schedule/clean_tmpdir.js
2019-11-08 12:36:37,737 INFO 10637 [egg-schedule]: register schedule /Users/duanshilong/Documents/react_blog/blog_service/node_modules/egg-logrotator/app/schedule/clean_log.js
2019-11-08 12:36:37,737 INFO 10637 [egg-schedule]: register schedule /Users/duanshilong/Documents/react_blog/blog_service/node_modules/egg-logrotator/app/schedule/rotate_by_file.js
2019-11-08 12:40:49,607 INFO 10678 [egg-schedule]: register schedule /Users/duanshilong/Documents/react_blog/blog_service/node_modules/egg-multipart/app/schedule/clean_tmpdir.js
2019-11-08 12:40:49,607 INFO 10678 [egg-schedule]: register schedule /Users/duanshilong/Documents/react_blog/blog_service/node_modules/egg-logrotator/app/schedule/clean_log.js
2019-11-08 12:40:49,607 INFO 10678 [egg-schedule]: register schedule /Users/duanshilong/Documents/react_blog/blog_service/node_modules/egg-logrotator/app/schedule/rotate_by_file.js
2019-11-08 12:43:07,367 INFO 10700 [egg-schedule]: register schedule /Users/duanshilong/Documents/react_blog/blog_service/node_modules/egg-multipart/app/schedule/clean_tmpdir.js
2019-11-08 12:43:07,367 INFO 10700 [egg-schedule]: register schedule /Users/duanshilong/Documents/react_blog/blog_service/node_modules/egg-logrotator/app/schedule/clean_log.js
2019-11-08 12:43:07,367 INFO 10700 [egg-schedule]: register schedule /Users/duanshilong/Documents/react_blog/blog_service/node_modules/egg-logrotator/app/schedule/rotate_by_file.js
2019-11-08 12:43:48,539 INFO 10719 [egg-schedule]: register schedule /Users/duanshilong/Documents/react_blog/blog_service/node_modules/egg-multipart/app/schedule/clean_tmpdir.js
2019-11-08 12:43:48,539 INFO 10719 [egg-schedule]: register schedule /Users/duanshilong/Documents/react_blog/blog_service/node_modules/egg-logrotator/app/schedule/clean_log.js
2019-11-08 12:43:48,539 INFO 10719 [egg-schedule]: register schedule /Users/duanshilong/Documents/react_blog/blog_service/node_modules/egg-logrotator/app/schedule/rotate_by_file.js
2019-11-08 12:44:22,238 INFO 10742 [egg-schedule]: register schedule /Users/duanshilong/Documents/react_blog/blog_service/node_modules/egg-multipart/app/schedule/clean_tmpdir.js
2019-11-08 12:44:22,238 INFO 10742 [egg-schedule]: register schedule /Users/duanshilong/Documents/react_blog/blog_service/node_modules/egg-logrotator/app/schedule/clean_log.js
2019-11-08 12:44:22,238 INFO 10742 [egg-schedule]: register schedule /Users/duanshilong/Documents/react_blog/blog_service/node_modules/egg-logrotator/app/schedule/rotate_by_file.js
2019-11-08 12:44:35,707 INFO 10764 [egg-schedule]: register schedule /Users/duanshilong/Documents/react_blog/blog_service/node_modules/egg-multipart/app/schedule/clean_tmpdir.js
2019-11-08 12:44:35,707 INFO 10764 [egg-schedule]: register schedule /Users/duanshilong/Documents/react_blog/blog_service/node_modules/egg-logrotator/app/schedule/clean_log.js
2019-11-08 12:44:35,707 INFO 10764 [egg-schedule]: register schedule /Users/duanshilong/Documents/react_blog/blog_service/node_modules/egg-logrotator/app/schedule/rotate_by_file.js
2019-11-08 12:45:17,590 INFO 10780 [egg-schedule]: register schedule /Users/duanshilong/Documents/react_blog/blog_service/node_modules/egg-multipart/app/schedule/clean_tmpdir.js
2019-11-08 12:45:17,591 INFO 10780 [egg-schedule]: register schedule /Users/duanshilong/Documents/react_blog/blog_service/node_modules/egg-logrotator/app/schedule/clean_log.js
2019-11-08 12:45:17,591 INFO 10780 [egg-schedule]: register schedule /Users/duanshilong/Documents/react_blog/blog_service/node_modules/egg-logrotator/app/schedule/rotate_by_file.js
2019-11-08 12:45:26,533 INFO 10806 [egg-schedule]: register schedule /Users/duanshilong/Documents/react_blog/blog_service/node_modules/egg-multipart/app/schedule/clean_tmpdir.js
2019-11-08 12:45:26,533 INFO 10806 [egg-schedule]: register schedule /Users/duanshilong/Documents/react_blog/blog_service/node_modules/egg-logrotator/app/schedule/clean_log.js
2019-11-08 12:45:26,533 INFO 10806 [egg-schedule]: register schedule /Users/duanshilong/Documents/react_blog/blog_service/node_modules/egg-logrotator/app/schedule/rotate_by_file.js
2019-11-08 12:45:43,084 INFO 10823 [egg-schedule]: register schedule /Users/duanshilong/Documents/react_blog/blog_service/node_modules/egg-multipart/app/schedule/clean_tmpdir.js
2019-11-08 12:45:43,084 INFO 10823 [egg-schedule]: register schedule /Users/duanshilong/Documents/react_blog/blog_service/node_modules/egg-logrotator/app/schedule/clean_log.js
2019-11-08 12:45:43,084 INFO 10823 [egg-schedule]: register schedule /Users/duanshilong/Documents/react_blog/blog_service/node_modules/egg-logrotator/app/schedule/rotate_by_file.js
2019-11-08 12:45:52,706 INFO 10842 [egg-schedule]: register schedule /Users/duanshilong/Documents/react_blog/blog_service/node_modules/egg-multipart/app/schedule/clean_tmpdir.js
2019-11-08 12:45:52,706 INFO 10842 [egg-schedule]: register schedule /Users/duanshilong/Documents/react_blog/blog_service/node_modules/egg-logrotator/app/schedule/clean_log.js
2019-11-08 12:45:52,706 INFO 10842 [egg-schedule]: register schedule /Users/duanshilong/Documents/react_blog/blog_service/node_modules/egg-logrotator/app/schedule/rotate_by_file.js
2019-11-08 12:46:31,243 INFO 10861 [egg-schedule]: register schedule /Users/duanshilong/Documents/react_blog/blog_service/node_modules/egg-multipart/app/schedule/clean_tmpdir.js
2019-11-08 12:46:31,243 INFO 10861 [egg-schedule]: register schedule /Users/duanshilong/Documents/react_blog/blog_service/node_modules/egg-logrotator/app/schedule/clean_log.js
2019-11-08 12:46:31,243 INFO 10861 [egg-schedule]: register schedule /Users/duanshilong/Documents/react_blog/blog_service/node_modules/egg-logrotator/app/schedule/rotate_by_file.js
2019-11-08 12:47:10,855 INFO 10885 [egg-schedule]: register schedule /Users/duanshilong/Documents/react_blog/blog_service/node_modules/egg-multipart/app/schedule/clean_tmpdir.js
2019-11-08 12:47:10,855 INFO 10885 [egg-schedule]: register schedule /Users/duanshilong/Documents/react_blog/blog_service/node_modules/egg-logrotator/app/schedule/clean_log.js
2019-11-08 12:47:10,855 INFO 10885 [egg-schedule]: register schedule /Users/duanshilong/Documents/react_blog/blog_service/node_modules/egg-logrotator/app/schedule/rotate_by_file.js
2019-11-08 12:47:29,558 INFO 10900 [egg-schedule]: register schedule /Users/duanshilong/Documents/react_blog/blog_service/node_modules/egg-multipart/app/schedule/clean_tmpdir.js
2019-11-08 12:47:29,558 INFO 10900 [egg-schedule]: register schedule /Users/duanshilong/Documents/react_blog/blog_service/node_modules/egg-logrotator/app/schedule/clean_log.js
2019-11-08 12:47:29,558 INFO 10900 [egg-schedule]: register schedule /Users/duanshilong/Documents/react_blog/blog_service/node_modules/egg-logrotator/app/schedule/rotate_by_file.js
2019-11-08 12:49:19,408 INFO 10936 [egg-schedule]: register schedule /Users/duanshilong/Documents/react_blog/blog_service/node_modules/egg-multipart/app/schedule/clean_tmpdir.js
2019-11-08 12:49:19,408 INFO 10936 [egg-schedule]: register schedule /Users/duanshilong/Documents/react_blog/blog_service/node_modules/egg-logrotator/app/schedule/clean_log.js
2019-11-08 12:49:19,408 INFO 10936 [egg-schedule]: register schedule /Users/duanshilong/Documents/react_blog/blog_service/node_modules/egg-logrotator/app/schedule/rotate_by_file.js
2019-11-08 12:49:48,460 INFO 10956 [egg-schedule]: register schedule /Users/duanshilong/Documents/react_blog/blog_service/node_modules/egg-multipart/app/schedule/clean_tmpdir.js
2019-11-08 12:49:48,460 INFO 10956 [egg-schedule]: register schedule /Users/duanshilong/Documents/react_blog/blog_service/node_modules/egg-logrotator/app/schedule/clean_log.js
2019-11-08 12:49:48,460 INFO 10956 [egg-schedule]: register schedule /Users/duanshilong/Documents/react_blog/blog_service/node_modules/egg-logrotator/app/schedule/rotate_by_file.js
2019-11-08 12:50:04,663 INFO 10975 [egg-schedule]: register schedule /Users/duanshilong/Documents/react_blog/blog_service/node_modules/egg-multipart/app/schedule/clean_tmpdir.js
2019-11-08 12:50:04,664 INFO 10975 [egg-schedule]: register schedule /Users/duanshilong/Documents/react_blog/blog_service/node_modules/egg-logrotator/app/schedule/clean_log.js
2019-11-08 12:50:04,664 INFO 10975 [egg-schedule]: register schedule /Users/duanshilong/Documents/react_blog/blog_service/node_modules/egg-logrotator/app/schedule/rotate_by_file.js
2019-11-08 12:54:48,802 INFO 11050 [egg-schedule]: register schedule /Users/duanshilong/Documents/react_blog/blog_service/node_modules/egg-multipart/app/schedule/clean_tmpdir.js
2019-11-08 12:54:48,802 INFO 11050 [egg-schedule]: register schedule /Users/duanshilong/Documents/react_blog/blog_service/node_modules/egg-logrotator/app/schedule/clean_log.js
2019-11-08 12:54:48,802 INFO 11050 [egg-schedule]: register schedule /Users/duanshilong/Documents/react_blog/blog_service/node_modules/egg-logrotator/app/schedule/rotate_by_file.js
2019-11-08 12:56:31,936 INFO 11064 [egg-schedule]: register schedule /Users/duanshilong/Documents/react_blog/blog_service/node_modules/egg-multipart/app/schedule/clean_tmpdir.js
2019-11-08 12:56:31,936 INFO 11064 [egg-schedule]: register schedule /Users/duanshilong/Documents/react_blog/blog_service/node_modules/egg-logrotator/app/schedule/clean_log.js
2019-11-08 12:56:31,936 INFO 11064 [egg-schedule]: register schedule /Users/duanshilong/Documents/react_blog/blog_service/node_modules/egg-logrotator/app/schedule/rotate_by_file.js
2019-11-08 13:22:50,865 INFO 11166 [egg-schedule]: register schedule /Users/duanshilong/Documents/react_blog/blog_service/node_modules/egg-multipart/app/schedule/clean_tmpdir.js
2019-11-08 13:22:50,865 INFO 11166 [egg-schedule]: register schedule /Users/duanshilong/Documents/react_blog/blog_service/node_modules/egg-logrotator/app/schedule/clean_log.js
2019-11-08 13:22:50,865 INFO 11166 [egg-schedule]: register schedule /Users/duanshilong/Documents/react_blog/blog_service/node_modules/egg-logrotator/app/schedule/rotate_by_file.js
2019-11-08 13:23:25,717 INFO 11229 [egg-schedule]: register schedule /Users/duanshilong/Documents/react_blog/blog_service/node_modules/egg-multipart/app/schedule/clean_tmpdir.js
2019-11-08 13:23:25,717 INFO 11229 [egg-schedule]: register schedule /Users/duanshilong/Documents/react_blog/blog_service/node_modules/egg-logrotator/app/schedule/clean_log.js
2019-11-08 13:23:25,717 INFO 11229 [egg-schedule]: register schedule /Users/duanshilong/Documents/react_blog/blog_service/node_modules/egg-logrotator/app/schedule/rotate_by_file.js
2019-11-08 13:23:51,429 INFO 11248 [egg-schedule]: register schedule /Users/duanshilong/Documents/react_blog/blog_service/node_modules/egg-multipart/app/schedule/clean_tmpdir.js
2019-11-08 13:23:51,429 INFO 11248 [egg-schedule]: register schedule /Users/duanshilong/Documents/react_blog/blog_service/node_modules/egg-logrotator/app/schedule/clean_log.js
2019-11-08 13:23:51,430 INFO 11248 [egg-schedule]: register schedule /Users/duanshilong/Documents/react_blog/blog_service/node_modules/egg-logrotator/app/schedule/rotate_by_file.js
2019-11-08 13:23:54,384 INFO 11256 [egg-schedule]: register schedule /Users/duanshilong/Documents/react_blog/blog_service/node_modules/egg-multipart/app/schedule/clean_tmpdir.js
2019-11-08 13:23:54,384 INFO 11256 [egg-schedule]: register schedule /Users/duanshilong/Documents/react_blog/blog_service/node_modules/egg-logrotator/app/schedule/clean_log.js
2019-11-08 13:23:54,384 INFO 11256 [egg-schedule]: register schedule /Users/duanshilong/Documents/react_blog/blog_service/node_modules/egg-logrotator/app/schedule/rotate_by_file.js
2019-11-08 13:24:09,020 INFO 11275 [egg-schedule]: register schedule /Users/duanshilong/Documents/react_blog/blog_service/node_modules/egg-multipart/app/schedule/clean_tmpdir.js
2019-11-08 13:24:09,020 INFO 11275 [egg-schedule]: register schedule /Users/duanshilong/Documents/react_blog/blog_service/node_modules/egg-logrotator/app/schedule/clean_log.js
2019-11-08 13:24:09,020 INFO 11275 [egg-schedule]: register schedule /Users/duanshilong/Documents/react_blog/blog_service/node_modules/egg-logrotator/app/schedule/rotate_by_file.js
2019-11-08 13:24:15,306 INFO 11291 [egg-schedule]: register schedule /Users/duanshilong/Documents/react_blog/blog_service/node_modules/egg-multipart/app/schedule/clean_tmpdir.js
2019-11-08 13:24:15,306 INFO 11291 [egg-schedule]: register schedule /Users/duanshilong/Documents/react_blog/blog_service/node_modules/egg-logrotator/app/schedule/clean_log.js
2019-11-08 13:24:15,306 INFO 11291 [egg-schedule]: register schedule /Users/duanshilong/Documents/react_blog/blog_service/node_modules/egg-logrotator/app/schedule/rotate_by_file.js
2019-11-08 13:24:24,363 INFO 11309 [egg-schedule]: register schedule /Users/duanshilong/Documents/react_blog/blog_service/node_modules/egg-multipart/app/schedule/clean_tmpdir.js
2019-11-08 13:24:24,363 INFO 11309 [egg-schedule]: register schedule /Users/duanshilong/Documents/react_blog/blog_service/node_modules/egg-logrotator/app/schedule/clean_log.js
2019-11-08 13:24:24,363 INFO 11309 [egg-schedule]: register schedule /Users/duanshilong/Documents/react_blog/blog_service/node_modules/egg-logrotator/app/schedule/rotate_by_file.js
2019-11-08 13:26:36,855 INFO 11349 [egg-schedule]: register schedule /Users/duanshilong/Documents/react_blog/blog_service/node_modules/egg-multipart/app/schedule/clean_tmpdir.js
2019-11-08 13:26:36,855 INFO 11349 [egg-schedule]: register schedule /Users/duanshilong/Documents/react_blog/blog_service/node_modules/egg-logrotator/app/schedule/clean_log.js
2019-11-08 13:26:36,855 INFO 11349 [egg-schedule]: register schedule /Users/duanshilong/Documents/react_blog/blog_service/node_modules/egg-logrotator/app/schedule/rotate_by_file.js
2019-11-08 13:36:16,441 INFO 11380 [egg-schedule]: register schedule /Users/duanshilong/Documents/react_blog/blog_service/node_modules/egg-multipart/app/schedule/clean_tmpdir.js
2019-11-08 13:36:16,441 INFO 11380 [egg-schedule]: register schedule /Users/duanshilong/Documents/react_blog/blog_service/node_modules/egg-logrotator/app/schedule/clean_log.js
2019-11-08 13:36:16,441 INFO 11380 [egg-schedule]: register schedule /Users/duanshilong/Documents/react_blog/blog_service/node_modules/egg-logrotator/app/schedule/rotate_by_file.js
2019-11-08 13:36:23,182 INFO 11395 [egg-schedule]: register schedule /Users/duanshilong/Documents/react_blog/blog_service/node_modules/egg-multipart/app/schedule/clean_tmpdir.js
2019-11-08 13:36:23,182 INFO 11395 [egg-schedule]: register schedule /Users/duanshilong/Documents/react_blog/blog_service/node_modules/egg-logrotator/app/schedule/clean_log.js
2019-11-08 13:36:23,182 INFO 11395 [egg-schedule]: register schedule /Users/duanshilong/Documents/react_blog/blog_service/node_modules/egg-logrotator/app/schedule/rotate_by_file.js
2019-11-08 13:38:28,095 INFO 11425 [egg-schedule]: register schedule /Users/duanshilong/Documents/react_blog/blog_service/node_modules/egg-multipart/app/schedule/clean_tmpdir.js
2019-11-08 13:38:28,095 INFO 11425 [egg-schedule]: register schedule /Users/duanshilong/Documents/react_blog/blog_service/node_modules/egg-logrotator/app/schedule/clean_log.js
2019-11-08 13:38:28,095 INFO 11425 [egg-schedule]: register schedule /Users/duanshilong/Documents/react_blog/blog_service/node_modules/egg-logrotator/app/schedule/rotate_by_file.js
2019-11-08 13:39:01,558 INFO 11442 [egg-schedule]: register schedule /Users/duanshilong/Documents/react_blog/blog_service/node_modules/egg-multipart/app/schedule/clean_tmpdir.js
2019-11-08 13:39:01,558 INFO 11442 [egg-schedule]: register schedule /Users/duanshilong/Documents/react_blog/blog_service/node_modules/egg-logrotator/app/schedule/clean_log.js
2019-11-08 13:39:01,558 INFO 11442 [egg-schedule]: register schedule /Users/duanshilong/Documents/react_blog/blog_service/node_modules/egg-logrotator/app/schedule/rotate_by_file.js
2019-11-08 13:39:22,160 INFO 11458 [egg-schedule]: register schedule /Users/duanshilong/Documents/react_blog/blog_service/node_modules/egg-multipart/app/schedule/clean_tmpdir.js
2019-11-08 13:39:22,160 INFO 11458 [egg-schedule]: register schedule /Users/duanshilong/Documents/react_blog/blog_service/node_modules/egg-logrotator/app/schedule/clean_log.js
2019-11-08 13:39:22,160 INFO 11458 [egg-schedule]: register schedule /Users/duanshilong/Documents/react_blog/blog_service/node_modules/egg-logrotator/app/schedule/rotate_by_file.js
2019-11-08 13:39:31,237 INFO 11475 [egg-schedule]: register schedule /Users/duanshilong/Documents/react_blog/blog_service/node_modules/egg-multipart/app/schedule/clean_tmpdir.js
2019-11-08 13:39:31,237 INFO 11475 [egg-schedule]: register schedule /Users/duanshilong/Documents/react_blog/blog_service/node_modules/egg-logrotator/app/schedule/clean_log.js
2019-11-08 13:39:31,237 INFO 11475 [egg-schedule]: register schedule /Users/duanshilong/Documents/react_blog/blog_service/node_modules/egg-logrotator/app/schedule/rotate_by_file.js
2019-11-08 13:40:36,286 INFO 11494 [egg-schedule]: register schedule /Users/duanshilong/Documents/react_blog/blog_service/node_modules/egg-multipart/app/schedule/clean_tmpdir.js
2019-11-08 13:40:36,286 INFO 11494 [egg-schedule]: register schedule /Users/duanshilong/Documents/react_blog/blog_service/node_modules/egg-logrotator/app/schedule/clean_log.js
2019-11-08 13:40:36,286 INFO 11494 [egg-schedule]: register schedule /Users/duanshilong/Documents/react_blog/blog_service/node_modules/egg-logrotator/app/schedule/rotate_by_file.js
2019-11-08 13:41:13,995 INFO 11517 [egg-schedule]: register schedule /Users/duanshilong/Documents/react_blog/blog_service/node_modules/egg-multipart/app/schedule/clean_tmpdir.js
2019-11-08 13:41:13,995 INFO 11517 [egg-schedule]: register schedule /Users/duanshilong/Documents/react_blog/blog_service/node_modules/egg-logrotator/app/schedule/clean_log.js
2019-11-08 13:41:13,995 INFO 11517 [egg-schedule]: register schedule /Users/duanshilong/Documents/react_blog/blog_service/node_modules/egg-logrotator/app/schedule/rotate_by_file.js
2019-11-08 13:41:40,733 INFO 11533 [egg-schedule]: register schedule /Users/duanshilong/Documents/react_blog/blog_service/node_modules/egg-multipart/app/schedule/clean_tmpdir.js
2019-11-08 13:41:40,733 INFO 11533 [egg-schedule]: register schedule /Users/duanshilong/Documents/react_blog/blog_service/node_modules/egg-logrotator/app/schedule/clean_log.js
2019-11-08 13:41:40,733 INFO 11533 [egg-schedule]: register schedule /Users/duanshilong/Documents/react_blog/blog_service/node_modules/egg-logrotator/app/schedule/rotate_by_file.js
2019-11-08 13:41:59,451 INFO 11543 [egg-schedule]: register schedule /Users/duanshilong/Documents/react_blog/blog_service/node_modules/egg-multipart/app/schedule/clean_tmpdir.js
2019-11-08 13:41:59,451 INFO 11543 [egg-schedule]: register schedule /Users/duanshilong/Documents/react_blog/blog_service/node_modules/egg-logrotator/app/schedule/clean_log.js
2019-11-08 13:41:59,451 INFO 11543 [egg-schedule]: register schedule /Users/duanshilong/Documents/react_blog/blog_service/node_modules/egg-logrotator/app/schedule/rotate_by_file.js
2019-11-08 13:42:21,633 INFO 11565 [egg-schedule]: register schedule /Users/duanshilong/Documents/react_blog/blog_service/node_modules/egg-multipart/app/schedule/clean_tmpdir.js
2019-11-08 13:42:21,633 INFO 11565 [egg-schedule]: register schedule /Users/duanshilong/Documents/react_blog/blog_service/node_modules/egg-logrotator/app/schedule/clean_log.js
2019-11-08 13:42:21,633 INFO 11565 [egg-schedule]: register schedule /Users/duanshilong/Documents/react_blog/blog_service/node_modules/egg-logrotator/app/schedule/rotate_by_file.js
