2019-11-09 09:35:57,531 INFO 14798 [egg-logrotator] app logger reload: got log-reload message
2019-11-09 09:58:12,881 INFO 15585 [egg:logger] init all loggers with options: {"dir":"/Users/duanshilong/Documents/react_blog/blog_service/logs/service","encoding":"utf8","env":"local","level":"INFO","consoleLevel":"INFO","disableConsoleAfterReady":false,"outputJSON":false,"buffer":true,"appLogName":"service-web.log","coreLogName":"egg-web.log","agentLogName":"egg-agent.log","errorLogName":"common-error.log","coreLogger":{"consoleLevel":"WARN"},"allowDebugAtProd":false,"type":"application"}
2019-11-09 09:58:12,907 INFO 15585 [egg-multipart] stream mode enable
2019-11-09 09:58:12,908 INFO 15585 [egg-mysql] connecting root@localhost:3306/react_blog
2019-11-09 09:58:13,104 INFO 15585 [egg-static] starting static serve /public/ -> /Users/duanshilong/Documents/react_blog/blog_service/app/public
2019-11-09 09:58:13,107 INFO 15585 [egg-security] use methodnoallow middleware
2019-11-09 09:58:13,108 INFO 15585 [egg-security] use noopen middleware
2019-11-09 09:58:13,109 INFO 15585 [egg-security] use nosniff middleware
2019-11-09 09:58:13,110 INFO 15585 [egg-security] use xssProtection middleware
2019-11-09 09:58:13,111 INFO 15585 [egg-security] use xframe middleware
2019-11-09 09:58:13,112 INFO 15585 [egg-security] use dta middleware
2019-11-09 09:58:13,112 INFO 15585 [egg-security] compose 6 middlewares into one security middleware
2019-11-09 09:58:13,129 INFO 15585 [egg:core] dump config after load, 9ms
2019-11-09 09:58:13,144 INFO 15585 [egg-watcher:application] watcher start success
2019-11-09 09:58:13,223 INFO 15585 [egg-mysql] instance[0] status OK, rds currentTime: Sat Nov 09 2019 09:58:13 GMT+0800 (中国标准时间)
2019-11-09 09:58:13,231 INFO 15585 [egg:core] dump config after ready, 5ms
2019-11-09 09:59:06,357 INFO 15607 [egg:logger] init all loggers with options: {"dir":"/Users/duanshilong/Documents/react_blog/blog_service/logs/service","encoding":"utf8","env":"local","level":"INFO","consoleLevel":"INFO","disableConsoleAfterReady":false,"outputJSON":false,"buffer":true,"appLogName":"service-web.log","coreLogName":"egg-web.log","agentLogName":"egg-agent.log","errorLogName":"common-error.log","coreLogger":{"consoleLevel":"WARN"},"allowDebugAtProd":false,"type":"application"}
2019-11-09 09:59:06,385 INFO 15607 [egg-multipart] stream mode enable
2019-11-09 09:59:06,386 INFO 15607 [egg-mysql] connecting root@localhost:3306/react_blog
2019-11-09 09:59:06,541 INFO 15607 [egg-static] starting static serve /public/ -> /Users/duanshilong/Documents/react_blog/blog_service/app/public
2019-11-09 09:59:06,543 INFO 15607 [egg-security] use methodnoallow middleware
2019-11-09 09:59:06,543 INFO 15607 [egg-security] use noopen middleware
2019-11-09 09:59:06,544 INFO 15607 [egg-security] use nosniff middleware
2019-11-09 09:59:06,546 INFO 15607 [egg-security] use xssProtection middleware
2019-11-09 09:59:06,546 INFO 15607 [egg-security] use xframe middleware
2019-11-09 09:59:06,547 INFO 15607 [egg-security] use dta middleware
2019-11-09 09:59:06,547 INFO 15607 [egg-security] compose 6 middlewares into one security middleware
2019-11-09 09:59:06,562 INFO 15607 [egg:core] dump config after load, 6ms
2019-11-09 09:59:06,581 INFO 15607 [egg-watcher:application] watcher start success
2019-11-09 09:59:06,612 INFO 15607 [egg-mysql] instance[0] status OK, rds currentTime: Sat Nov 09 2019 09:59:06 GMT+0800 (中国标准时间)
2019-11-09 09:59:06,625 INFO 15607 [egg:core] dump config after ready, 7ms
2019-11-09 10:00:16,193 INFO 15624 [egg:logger] init all loggers with options: {"dir":"/Users/duanshilong/Documents/react_blog/blog_service/logs/service","encoding":"utf8","env":"local","level":"INFO","consoleLevel":"INFO","disableConsoleAfterReady":false,"outputJSON":false,"buffer":true,"appLogName":"service-web.log","coreLogName":"egg-web.log","agentLogName":"egg-agent.log","errorLogName":"common-error.log","coreLogger":{"consoleLevel":"WARN"},"allowDebugAtProd":false,"type":"application"}
2019-11-09 10:00:16,219 INFO 15624 [egg-multipart] stream mode enable
2019-11-09 10:00:16,219 INFO 15624 [egg-mysql] connecting root@localhost:3306/react_blog
2019-11-09 10:00:16,403 INFO 15624 [egg-static] starting static serve /public/ -> /Users/duanshilong/Documents/react_blog/blog_service/app/public
2019-11-09 10:00:16,405 INFO 15624 [egg-security] use methodnoallow middleware
2019-11-09 10:00:16,406 INFO 15624 [egg-security] use noopen middleware
2019-11-09 10:00:16,406 INFO 15624 [egg-security] use nosniff middleware
2019-11-09 10:00:16,407 INFO 15624 [egg-security] use xssProtection middleware
2019-11-09 10:00:16,407 INFO 15624 [egg-security] use xframe middleware
2019-11-09 10:00:16,408 INFO 15624 [egg-security] use dta middleware
2019-11-09 10:00:16,408 INFO 15624 [egg-security] compose 6 middlewares into one security middleware
2019-11-09 10:00:16,424 INFO 15624 [egg:core] dump config after load, 5ms
2019-11-09 10:00:16,443 INFO 15624 [egg-watcher:application] watcher start success
2019-11-09 10:00:16,449 INFO 15624 [egg-mysql] instance[0] status OK, rds currentTime: Sat Nov 09 2019 10:00:16 GMT+0800 (中国标准时间)
2019-11-09 10:00:16,460 INFO 15624 [egg:core] dump config after ready, 9ms
2019-11-09 10:00:38,233 INFO 15644 [egg:logger] init all loggers with options: {"dir":"/Users/duanshilong/Documents/react_blog/blog_service/logs/service","encoding":"utf8","env":"local","level":"INFO","consoleLevel":"INFO","disableConsoleAfterReady":false,"outputJSON":false,"buffer":true,"appLogName":"service-web.log","coreLogName":"egg-web.log","agentLogName":"egg-agent.log","errorLogName":"common-error.log","coreLogger":{"consoleLevel":"WARN"},"allowDebugAtProd":false,"type":"application"}
2019-11-09 10:00:38,263 INFO 15644 [egg-multipart] stream mode enable
2019-11-09 10:00:38,264 INFO 15644 [egg-mysql] connecting root@localhost:3306/react_blog
2019-11-09 10:00:38,433 INFO 15644 [egg-static] starting static serve /public/ -> /Users/duanshilong/Documents/react_blog/blog_service/app/public
2019-11-09 10:00:38,437 INFO 15644 [egg-security] use methodnoallow middleware
2019-11-09 10:00:38,437 INFO 15644 [egg-security] use noopen middleware
2019-11-09 10:00:38,438 INFO 15644 [egg-security] use nosniff middleware
2019-11-09 10:00:38,439 INFO 15644 [egg-security] use xssProtection middleware
2019-11-09 10:00:38,439 INFO 15644 [egg-security] use xframe middleware
2019-11-09 10:00:38,440 INFO 15644 [egg-security] use dta middleware
2019-11-09 10:00:38,440 INFO 15644 [egg-security] compose 6 middlewares into one security middleware
2019-11-09 10:00:38,456 INFO 15644 [egg:core] dump config after load, 4ms
2019-11-09 10:00:38,474 INFO 15644 [egg-watcher:application] watcher start success
2019-11-09 10:00:38,478 INFO 15644 [egg-mysql] instance[0] status OK, rds currentTime: Sat Nov 09 2019 10:00:38 GMT+0800 (中国标准时间)
2019-11-09 10:00:38,486 INFO 15644 [egg:core] dump config after ready, 6ms
2019-11-09 10:03:10,320 INFO 15665 [egg:logger] init all loggers with options: {"dir":"/Users/duanshilong/Documents/react_blog/blog_service/logs/service","encoding":"utf8","env":"local","level":"INFO","consoleLevel":"INFO","disableConsoleAfterReady":false,"outputJSON":false,"buffer":true,"appLogName":"service-web.log","coreLogName":"egg-web.log","agentLogName":"egg-agent.log","errorLogName":"common-error.log","coreLogger":{"consoleLevel":"WARN"},"allowDebugAtProd":false,"type":"application"}
2019-11-09 10:03:10,346 INFO 15665 [egg-multipart] stream mode enable
2019-11-09 10:03:10,346 INFO 15665 [egg-mysql] connecting root@localhost:3306/react_blog
2019-11-09 10:03:10,530 INFO 15665 [egg-static] starting static serve /public/ -> /Users/duanshilong/Documents/react_blog/blog_service/app/public
2019-11-09 10:03:10,533 INFO 15665 [egg-security] use methodnoallow middleware
2019-11-09 10:03:10,533 INFO 15665 [egg-security] use noopen middleware
2019-11-09 10:03:10,534 INFO 15665 [egg-security] use nosniff middleware
2019-11-09 10:03:10,535 INFO 15665 [egg-security] use xssProtection middleware
2019-11-09 10:03:10,536 INFO 15665 [egg-security] use xframe middleware
2019-11-09 10:03:10,537 INFO 15665 [egg-security] use dta middleware
2019-11-09 10:03:10,537 INFO 15665 [egg-security] compose 6 middlewares into one security middleware
2019-11-09 10:03:10,556 INFO 15665 [egg:core] dump config after load, 7ms
2019-11-09 10:03:10,571 INFO 15665 [egg-watcher:application] watcher start success
2019-11-09 10:03:10,582 INFO 15665 [egg-mysql] instance[0] status OK, rds currentTime: Sat Nov 09 2019 10:03:10 GMT+0800 (中国标准时间)
2019-11-09 10:03:10,589 INFO 15665 [egg:core] dump config after ready, 4ms
