2019-11-07 11:19:06,869 ERROR 94660 [-/127.0.0.1/-/444ms GET /default/index] nodejs.ER_NO_SUCH_TABLEError: ER_NO_SUCH_TABLE: Table 'react_blog.blog_content' doesn't exist
    at Query.Sequence._packetToError (/Users/duanshilong/Documents/react_blog/service/node_modules/mysql/lib/protocol/sequences/Sequence.js:47:14)
    at Query.ErrorPacket (/Users/duanshilong/Documents/react_blog/service/node_modules/mysql/lib/protocol/sequences/Query.js:77:18)
    at Protocol._parsePacket (/Users/duanshilong/Documents/react_blog/service/node_modules/mysql/lib/protocol/Protocol.js:291:23)
    at Parser._parsePacket (/Users/duanshilong/Documents/react_blog/service/node_modules/mysql/lib/protocol/Parser.js:433:10)
    at Parser.write (/Users/duanshilong/Documents/react_blog/service/node_modules/mysql/lib/protocol/Parser.js:43:10)
    at Protocol.write (/Users/duanshilong/Documents/react_blog/service/node_modules/mysql/lib/protocol/Protocol.js:38:16)
    at Socket.<anonymous> (/Users/duanshilong/Documents/react_blog/service/node_modules/mysql/lib/Connection.js:91:28)
    at Socket.<anonymous> (/Users/duanshilong/Documents/react_blog/service/node_modules/mysql/lib/Connection.js:525:10)
    at Socket.emit (events.js:203:13)
    at addChunk (_stream_readable.js:294:12)
    --------------------
    at Pool.query (/Users/duanshilong/Documents/react_blog/service/node_modules/mysql/lib/Pool.js:199:23)
    at /Users/duanshilong/Documents/react_blog/service/node_modules/ali-rds/node_modules/pify/index.js:29:7
    at new Promise (<anonymous>)
    at Pool.<anonymous> (/Users/duanshilong/Documents/react_blog/service/node_modules/ali-rds/node_modules/pify/index.js:12:10)
    at Pool.ret [as query] (/Users/duanshilong/Documents/react_blog/service/node_modules/ali-rds/node_modules/pify/index.js:56:34)
    at RDSClient.proto._query (/Users/duanshilong/Documents/react_blog/service/node_modules/ali-rds/lib/client.js:34:20)
    at RDSClient.proto.query (/Users/duanshilong/Documents/react_blog/service/node_modules/ali-rds/lib/operator.js:54:29)
    at proto.query.next (<anonymous>)
    at onFulfilled (/Users/duanshilong/Documents/react_blog/service/node_modules/co/index.js:65:19)
    at /Users/duanshilong/Documents/react_blog/service/node_modules/co/index.js:54:5
    sql: SELECT * FROM `blog_content` LIMIT 0, 1
code: "ER_NO_SUCH_TABLE"
errno: 1146
sqlMessage: "Table 'react_blog.blog_content' doesn't exist"
sqlState: "42S02"
index: 0
sql: "SELECT * FROM `blog_content` LIMIT 0, 1"
name: "ER_NO_SUCH_TABLEError"
pid: 94660
hostname: duanshilongdeMacBook-Pro.local

2019-11-07 11:21:22,396 ERROR 94660 [-/127.0.0.1/-/24ms GET /default/index] nodejs.ER_NO_SUCH_TABLEError: ER_NO_SUCH_TABLE: Table 'react_blog.blog_content' doesn't exist
    at Query.Sequence._packetToError (/Users/duanshilong/Documents/react_blog/service/node_modules/mysql/lib/protocol/sequences/Sequence.js:47:14)
    at Query.ErrorPacket (/Users/duanshilong/Documents/react_blog/service/node_modules/mysql/lib/protocol/sequences/Query.js:77:18)
    at Protocol._parsePacket (/Users/duanshilong/Documents/react_blog/service/node_modules/mysql/lib/protocol/Protocol.js:291:23)
    at Parser._parsePacket (/Users/duanshilong/Documents/react_blog/service/node_modules/mysql/lib/protocol/Parser.js:433:10)
    at Parser.write (/Users/duanshilong/Documents/react_blog/service/node_modules/mysql/lib/protocol/Parser.js:43:10)
    at Protocol.write (/Users/duanshilong/Documents/react_blog/service/node_modules/mysql/lib/protocol/Protocol.js:38:16)
    at Socket.<anonymous> (/Users/duanshilong/Documents/react_blog/service/node_modules/mysql/lib/Connection.js:91:28)
    at Socket.<anonymous> (/Users/duanshilong/Documents/react_blog/service/node_modules/mysql/lib/Connection.js:525:10)
    at Socket.emit (events.js:203:13)
    at addChunk (_stream_readable.js:294:12)
    --------------------
    at Pool.query (/Users/duanshilong/Documents/react_blog/service/node_modules/mysql/lib/Pool.js:199:23)
    at /Users/duanshilong/Documents/react_blog/service/node_modules/ali-rds/node_modules/pify/index.js:29:7
    at new Promise (<anonymous>)
    at Pool.<anonymous> (/Users/duanshilong/Documents/react_blog/service/node_modules/ali-rds/node_modules/pify/index.js:12:10)
    at Pool.ret [as query] (/Users/duanshilong/Documents/react_blog/service/node_modules/ali-rds/node_modules/pify/index.js:56:34)
    at RDSClient.proto._query (/Users/duanshilong/Documents/react_blog/service/node_modules/ali-rds/lib/client.js:34:20)
    at RDSClient.proto.query (/Users/duanshilong/Documents/react_blog/service/node_modules/ali-rds/lib/operator.js:54:29)
    at proto.query.next (<anonymous>)
    at onFulfilled (/Users/duanshilong/Documents/react_blog/service/node_modules/co/index.js:65:19)
    at /Users/duanshilong/Documents/react_blog/service/node_modules/co/index.js:54:5
    sql: SELECT * FROM `blog_content` LIMIT 0, 1
code: "ER_NO_SUCH_TABLE"
errno: 1146
sqlMessage: "Table 'react_blog.blog_content' doesn't exist"
sqlState: "42S02"
index: 0
sql: "SELECT * FROM `blog_content` LIMIT 0, 1"
name: "ER_NO_SUCH_TABLEError"
pid: 94660
hostname: duanshilongdeMacBook-Pro.local

2019-11-07 11:22:32,740 ERROR 94660 [-/127.0.0.1/-/2ms GET /default/index] nodejs.ER_NO_SUCH_TABLEError: ER_NO_SUCH_TABLE: Table 'react_blog.blog_content' doesn't exist
    at Query.Sequence._packetToError (/Users/duanshilong/Documents/react_blog/service/node_modules/mysql/lib/protocol/sequences/Sequence.js:47:14)
    at Query.ErrorPacket (/Users/duanshilong/Documents/react_blog/service/node_modules/mysql/lib/protocol/sequences/Query.js:77:18)
    at Protocol._parsePacket (/Users/duanshilong/Documents/react_blog/service/node_modules/mysql/lib/protocol/Protocol.js:291:23)
    at Parser._parsePacket (/Users/duanshilong/Documents/react_blog/service/node_modules/mysql/lib/protocol/Parser.js:433:10)
    at Parser.write (/Users/duanshilong/Documents/react_blog/service/node_modules/mysql/lib/protocol/Parser.js:43:10)
    at Protocol.write (/Users/duanshilong/Documents/react_blog/service/node_modules/mysql/lib/protocol/Protocol.js:38:16)
    at Socket.<anonymous> (/Users/duanshilong/Documents/react_blog/service/node_modules/mysql/lib/Connection.js:91:28)
    at Socket.<anonymous> (/Users/duanshilong/Documents/react_blog/service/node_modules/mysql/lib/Connection.js:525:10)
    at Socket.emit (events.js:203:13)
    at addChunk (_stream_readable.js:294:12)
    --------------------
    at Pool.query (/Users/duanshilong/Documents/react_blog/service/node_modules/mysql/lib/Pool.js:199:23)
    at /Users/duanshilong/Documents/react_blog/service/node_modules/ali-rds/node_modules/pify/index.js:29:7
    at new Promise (<anonymous>)
    at Pool.<anonymous> (/Users/duanshilong/Documents/react_blog/service/node_modules/ali-rds/node_modules/pify/index.js:12:10)
    at Pool.ret [as query] (/Users/duanshilong/Documents/react_blog/service/node_modules/ali-rds/node_modules/pify/index.js:56:34)
    at RDSClient.proto._query (/Users/duanshilong/Documents/react_blog/service/node_modules/ali-rds/lib/client.js:34:20)
    at RDSClient.proto.query (/Users/duanshilong/Documents/react_blog/service/node_modules/ali-rds/lib/operator.js:54:29)
    at proto.query.next (<anonymous>)
    at onFulfilled (/Users/duanshilong/Documents/react_blog/service/node_modules/co/index.js:65:19)
    at /Users/duanshilong/Documents/react_blog/service/node_modules/co/index.js:54:5
    sql: SELECT * FROM `blog_content` LIMIT 0, 1
code: "ER_NO_SUCH_TABLE"
errno: 1146
sqlMessage: "Table 'react_blog.blog_content' doesn't exist"
sqlState: "42S02"
index: 0
sql: "SELECT * FROM `blog_content` LIMIT 0, 1"
name: "ER_NO_SUCH_TABLEError"
pid: 94660
hostname: duanshilongdeMacBook-Pro.local

